<?xml version="1.0" encoding="UTF-8"?>
<!-- Generated by org.testng.reporters.JUnitXMLReporter -->
<testsuite hostname="DESKTOP-GAOM8LM" ignored="0" name="Default test" tests="1" failures="1" timestamp="02 Sep 2020 05:34:20 GMT" time="2.902" errors="0">
  <testcase name="runScenario" time="0.666" classname="io.cucumber.testng.AbstractTestNGCucumberTests">
    <failure type="java.lang.NullPointerException">
      <![CDATA[java.lang.NullPointerException
	at com.webapp.utility.ExtentReportListener.teststepHandle(ExtentReportListener.java:49)
	at com.webapp.steps.OrangeSteps.the_user_launches_the_url(OrangeSteps.java:39)
	at ✽.the user launches the url(file:///C:/Users/BASHA/git/OrangeHrm/OrangeHRM/./src/main/java/com/webapp/features/Home.feature:5)
]]>
    </failure>
  </testcase> <!-- runScenario -->
</testsuite> <!-- Default test -->
